[0.008s] Invoking command in '/home/enee-467-4/ros2_ws/build/assets': CMAKE_PREFIX_PATH=${CMAKE_PREFIX_PATH}:/opt/ros/jazzy DEBUGINFOD_URLS=https://debuginfod.ubuntu.com /usr/bin/cmake /home/enee-467-4/ros2_ws/src/assets -DCMAKE_INSTALL_PREFIX=/home/enee-467-4/ros2_ws/install/assets
[0.054s] -- The C compiler identification is GNU 13.3.0
[0.123s] -- The CXX compiler identification is GNU 13.3.0
[0.151s] -- Detecting C compiler ABI info
[0.271s] -- Detecting C compiler ABI info - done
[0.284s] -- Check for working C compiler: /usr/bin/cc - skipped
[0.284s] -- Detecting C compile features
[0.284s] -- Detecting C compile features - done
[0.292s] -- Detecting CXX compiler ABI info
[0.360s] -- Detecting CXX compiler ABI info - done
[0.366s] -- Check for working CXX compiler: /usr/bin/c++ - skipped
[0.366s] -- Detecting CXX compile features
[0.366s] -- Detecting CXX compile features - done
[0.373s] -- Found ament_cmake: 2.5.4 (/opt/ros/jazzy/share/ament_cmake/cmake)
[0.476s] -- Found Python3: /usr/bin/python3 (found version "3.12.3") found components: Interpreter 
[0.562s] -- Found ament_lint_auto: 0.17.2 (/opt/ros/jazzy/share/ament_lint_auto/cmake)
[0.642s] -- Added test 'lint_cmake' to check CMake code style
[0.643s] -- Added test 'xmllint' to check XML markup files
[0.645s] -- Configuring done (0.6s)
[0.646s] -- Generating done (0.0s)
[0.648s] -- Build files have been written to: /home/enee-467-4/ros2_ws/build/assets
[0.651s] Invoked command in '/home/enee-467-4/ros2_ws/build/assets' returned '0': CMAKE_PREFIX_PATH=${CMAKE_PREFIX_PATH}:/opt/ros/jazzy DEBUGINFOD_URLS=https://debuginfod.ubuntu.com /usr/bin/cmake /home/enee-467-4/ros2_ws/src/assets -DCMAKE_INSTALL_PREFIX=/home/enee-467-4/ros2_ws/install/assets
[0.652s] Invoking command in '/home/enee-467-4/ros2_ws/build/assets': CMAKE_PREFIX_PATH=${CMAKE_PREFIX_PATH}:/opt/ros/jazzy DEBUGINFOD_URLS=https://debuginfod.ubuntu.com /usr/bin/cmake --build /home/enee-467-4/ros2_ws/build/assets -- -j16 -l16
[0.683s] Invoked command in '/home/enee-467-4/ros2_ws/build/assets' returned '0': CMAKE_PREFIX_PATH=${CMAKE_PREFIX_PATH}:/opt/ros/jazzy DEBUGINFOD_URLS=https://debuginfod.ubuntu.com /usr/bin/cmake --build /home/enee-467-4/ros2_ws/build/assets -- -j16 -l16
[0.690s] Invoking command in '/home/enee-467-4/ros2_ws/build/assets': CMAKE_PREFIX_PATH=${CMAKE_PREFIX_PATH}:/opt/ros/jazzy DEBUGINFOD_URLS=https://debuginfod.ubuntu.com /usr/bin/cmake --install /home/enee-467-4/ros2_ws/build/assets
[0.698s] -- Install configuration: ""
[0.698s] -- Installing: /home/enee-467-4/ros2_ws/install/assets/share/ament_index/resource_index/package_run_dependencies/assets
[0.698s] -- Installing: /home/enee-467-4/ros2_ws/install/assets/share/ament_index/resource_index/parent_prefix_path/assets
[0.698s] -- Installing: /home/enee-467-4/ros2_ws/install/assets/share/assets/environment/ament_prefix_path.sh
[0.698s] -- Installing: /home/enee-467-4/ros2_ws/install/assets/share/assets/environment/ament_prefix_path.dsv
[0.699s] -- Installing: /home/enee-467-4/ros2_ws/install/assets/share/assets/environment/path.sh
[0.699s] -- Installing: /home/enee-467-4/ros2_ws/install/assets/share/assets/environment/path.dsv
[0.699s] -- Installing: /home/enee-467-4/ros2_ws/install/assets/share/assets/local_setup.bash
[0.699s] -- Installing: /home/enee-467-4/ros2_ws/install/assets/share/assets/local_setup.sh
[0.699s] -- Installing: /home/enee-467-4/ros2_ws/install/assets/share/assets/local_setup.zsh
[0.699s] -- Installing: /home/enee-467-4/ros2_ws/install/assets/share/assets/local_setup.dsv
[0.699s] -- Installing: /home/enee-467-4/ros2_ws/install/assets/share/assets/package.dsv
[0.700s] -- Installing: /home/enee-467-4/ros2_ws/install/assets/share/ament_index/resource_index/packages/assets
[0.700s] -- Installing: /home/enee-467-4/ros2_ws/install/assets/share/assets/cmake/assetsConfig.cmake
[0.700s] -- Installing: /home/enee-467-4/ros2_ws/install/assets/share/assets/cmake/assetsConfig-version.cmake
[0.700s] -- Installing: /home/enee-467-4/ros2_ws/install/assets/share/assets/package.xml
[0.700s] -- Installing: /home/enee-467-4/ros2_ws/install/assets/share/assets/meshes
[0.700s] -- Installing: /home/enee-467-4/ros2_ws/install/assets/share/assets/meshes/esp32.stl
[0.700s] -- Installing: /home/enee-467-4/ros2_ws/install/assets/share/assets/meshes/right_motor.stl
[0.700s] -- Installing: /home/enee-467-4/ros2_ws/install/assets/share/assets/meshes/right_motor_bracket.stl
[0.701s] -- Installing: /home/enee-467-4/ros2_ws/install/assets/share/assets/meshes/front_wheel_lower_joint.stl
[0.701s] -- Installing: /home/enee-467-4/ros2_ws/install/assets/share/assets/meshes/esp32.part
[0.701s] -- Installing: /home/enee-467-4/ros2_ws/install/assets/share/assets/meshes/motor_controller.part
[0.701s] -- Installing: /home/enee-467-4/ros2_ws/install/assets/share/assets/meshes/motor_controller.stl
[0.701s] -- Installing: /home/enee-467-4/ros2_ws/install/assets/share/assets/meshes/front_wheel_bracket.part
[0.701s] -- Installing: /home/enee-467-4/ros2_ws/install/assets/share/assets/meshes/right_wheel.part
[0.701s] -- Installing: /home/enee-467-4/ros2_ws/install/assets/share/assets/meshes/front_wheel_upper_joint.part
[0.701s] -- Installing: /home/enee-467-4/ros2_ws/install/assets/share/assets/meshes/right_wheel.stl
[0.701s] -- Installing: /home/enee-467-4/ros2_ws/install/assets/share/assets/meshes/voltage_regulator.stl
[0.702s] -- Installing: /home/enee-467-4/ros2_ws/install/assets/share/assets/meshes/front_wheel.stl
[0.702s] -- Installing: /home/enee-467-4/ros2_ws/install/assets/share/assets/meshes/right_motor_bracket.part
[0.702s] -- Installing: /home/enee-467-4/ros2_ws/install/assets/share/assets/meshes/base_plate.stl
[0.702s] -- Installing: /home/enee-467-4/ros2_ws/install/assets/share/assets/meshes/front_wheel.part
[0.702s] -- Installing: /home/enee-467-4/ros2_ws/install/assets/share/assets/meshes/battery.part
[0.702s] -- Installing: /home/enee-467-4/ros2_ws/install/assets/share/assets/meshes/left_wheel.stl
[0.702s] -- Installing: /home/enee-467-4/ros2_ws/install/assets/share/assets/meshes/right_motor.part
[0.703s] -- Installing: /home/enee-467-4/ros2_ws/install/assets/share/assets/meshes/left_motor.part
[0.703s] -- Installing: /home/enee-467-4/ros2_ws/install/assets/share/assets/meshes/left_motor.stl
[0.703s] -- Installing: /home/enee-467-4/ros2_ws/install/assets/share/assets/meshes/left_motor_bracket.part
[0.703s] -- Installing: /home/enee-467-4/ros2_ws/install/assets/share/assets/meshes/base_plate.part
[0.703s] -- Installing: /home/enee-467-4/ros2_ws/install/assets/share/assets/meshes/front_wheel_bracket.stl
[0.703s] -- Installing: /home/enee-467-4/ros2_ws/install/assets/share/assets/meshes/front_wheel_upper_joint.stl
[0.703s] -- Installing: /home/enee-467-4/ros2_ws/install/assets/share/assets/meshes/left_motor_bracket.stl
[0.703s] -- Installing: /home/enee-467-4/ros2_ws/install/assets/share/assets/meshes/battery.stl
[0.703s] -- Installing: /home/enee-467-4/ros2_ws/install/assets/share/assets/meshes/left_wheel.part
[0.703s] -- Installing: /home/enee-467-4/ros2_ws/install/assets/share/assets/meshes/front_wheel_lower_joint.part
[0.703s] -- Installing: /home/enee-467-4/ros2_ws/install/assets/share/assets/meshes/voltage_regulator.part
[0.704s] Invoked command in '/home/enee-467-4/ros2_ws/build/assets' returned '0': CMAKE_PREFIX_PATH=${CMAKE_PREFIX_PATH}:/opt/ros/jazzy DEBUGINFOD_URLS=https://debuginfod.ubuntu.com /usr/bin/cmake --install /home/enee-467-4/ros2_ws/build/assets
