-- Install configuration: ""
-- Up-to-date: /home/enee-467-4/ros2_ws/install/assets/share/ament_index/resource_index/package_run_dependencies/assets
-- Up-to-date: /home/enee-467-4/ros2_ws/install/assets/share/ament_index/resource_index/parent_prefix_path/assets
-- Up-to-date: /home/enee-467-4/ros2_ws/install/assets/share/assets/environment/ament_prefix_path.sh
-- Up-to-date: /home/enee-467-4/ros2_ws/install/assets/share/assets/environment/ament_prefix_path.dsv
-- Up-to-date: /home/enee-467-4/ros2_ws/install/assets/share/assets/environment/path.sh
-- Up-to-date: /home/enee-467-4/ros2_ws/install/assets/share/assets/environment/path.dsv
-- Up-to-date: /home/enee-467-4/ros2_ws/install/assets/share/assets/local_setup.bash
-- Up-to-date: /home/enee-467-4/ros2_ws/install/assets/share/assets/local_setup.sh
-- Up-to-date: /home/enee-467-4/ros2_ws/install/assets/share/assets/local_setup.zsh
-- Up-to-date: /home/enee-467-4/ros2_ws/install/assets/share/assets/local_setup.dsv
-- Up-to-date: /home/enee-467-4/ros2_ws/install/assets/share/assets/package.dsv
-- Up-to-date: /home/enee-467-4/ros2_ws/install/assets/share/ament_index/resource_index/packages/assets
-- Up-to-date: /home/enee-467-4/ros2_ws/install/assets/share/assets/cmake/assetsConfig.cmake
-- Up-to-date: /home/enee-467-4/ros2_ws/install/assets/share/assets/cmake/assetsConfig-version.cmake
-- Up-to-date: /home/enee-467-4/ros2_ws/install/assets/share/assets/package.xml
-- Up-to-date: /home/enee-467-4/ros2_ws/install/assets/share/assets/meshes
-- Up-to-date: /home/enee-467-4/ros2_ws/install/assets/share/assets/meshes/esp32.stl
-- Up-to-date: /home/enee-467-4/ros2_ws/install/assets/share/assets/meshes/right_motor.stl
-- Up-to-date: /home/enee-467-4/ros2_ws/install/assets/share/assets/meshes/right_motor_bracket.stl
-- Up-to-date: /home/enee-467-4/ros2_ws/install/assets/share/assets/meshes/front_wheel_lower_joint.stl
-- Up-to-date: /home/enee-467-4/ros2_ws/install/assets/share/assets/meshes/esp32.part
-- Up-to-date: /home/enee-467-4/ros2_ws/install/assets/share/assets/meshes/motor_controller.part
-- Up-to-date: /home/enee-467-4/ros2_ws/install/assets/share/assets/meshes/motor_controller.stl
-- Up-to-date: /home/enee-467-4/ros2_ws/install/assets/share/assets/meshes/front_wheel_bracket.part
-- Up-to-date: /home/enee-467-4/ros2_ws/install/assets/share/assets/meshes/right_wheel.part
-- Up-to-date: /home/enee-467-4/ros2_ws/install/assets/share/assets/meshes/front_wheel_upper_joint.part
-- Up-to-date: /home/enee-467-4/ros2_ws/install/assets/share/assets/meshes/right_wheel.stl
-- Up-to-date: /home/enee-467-4/ros2_ws/install/assets/share/assets/meshes/voltage_regulator.stl
-- Up-to-date: /home/enee-467-4/ros2_ws/install/assets/share/assets/meshes/front_wheel.stl
-- Up-to-date: /home/enee-467-4/ros2_ws/install/assets/share/assets/meshes/right_motor_bracket.part
-- Up-to-date: /home/enee-467-4/ros2_ws/install/assets/share/assets/meshes/base_plate.stl
-- Up-to-date: /home/enee-467-4/ros2_ws/install/assets/share/assets/meshes/front_wheel.part
-- Up-to-date: /home/enee-467-4/ros2_ws/install/assets/share/assets/meshes/battery.part
-- Up-to-date: /home/enee-467-4/ros2_ws/install/assets/share/assets/meshes/left_wheel.stl
-- Up-to-date: /home/enee-467-4/ros2_ws/install/assets/share/assets/meshes/right_motor.part
-- Up-to-date: /home/enee-467-4/ros2_ws/install/assets/share/assets/meshes/left_motor.part
-- Up-to-date: /home/enee-467-4/ros2_ws/install/assets/share/assets/meshes/left_motor.stl
-- Up-to-date: /home/enee-467-4/ros2_ws/install/assets/share/assets/meshes/left_motor_bracket.part
-- Up-to-date: /home/enee-467-4/ros2_ws/install/assets/share/assets/meshes/base_plate.part
-- Up-to-date: /home/enee-467-4/ros2_ws/install/assets/share/assets/meshes/front_wheel_bracket.stl
-- Up-to-date: /home/enee-467-4/ros2_ws/install/assets/share/assets/meshes/front_wheel_upper_joint.stl
-- Up-to-date: /home/enee-467-4/ros2_ws/install/assets/share/assets/meshes/left_motor_bracket.stl
-- Up-to-date: /home/enee-467-4/ros2_ws/install/assets/share/assets/meshes/battery.stl
-- Up-to-date: /home/enee-467-4/ros2_ws/install/assets/share/assets/meshes/left_wheel.part
-- Up-to-date: /home/enee-467-4/ros2_ws/install/assets/share/assets/meshes/front_wheel_lower_joint.part
-- Up-to-date: /home/enee-467-4/ros2_ws/install/assets/share/assets/meshes/voltage_regulator.part
